
*** Running vivado
    with args -log burst_tool.vds -m64 -product Vivado -mode batch -messageDb vivado.pb -notrace -source burst_tool.tcl


ECHO is off.
ECHO is off.

****** Vivado v2023.2 (64-bit)
  **** SW Build 4029153 on Fri Oct 13 20:14:34 MDT 2023
  **** IP Build 4028589 on Sat Oct 14 00:45:43 MDT 2023
  **** SharedData Build 4025554 on Tue Oct 10 17:18:54 MDT 2023
    ** Copyright 1986-2022 Xilinx, Inc. All Rights Reserved.
    ** Copyright 2022-2023 Advanced Micro Devices, Inc. All Rights Reserved.

Sourcing tcl script 'C:/Users/rojo_/AppData/Roaming/Xilinx/Vivado/Vivado_init.tcl'
source burst_tool.tcl -notrace
WARNING: [Board 49-91] Board repository path 'C:/Xilinx/BoardStore/XilinxBoardStore-2023.2' does not exist, it will not be used to search board files.
WARNING: [Board 49-91] Board repository path 'C:/Xilinx/BoardStore/XilinxBoardStore-2023.2' does not exist, it will not be used to search board files.
Command: read_checkpoint -auto_incremental -incremental C:/Users/rojo_/COMPE475_Project/project_1/project_1.srcs/utils_1/imports/synth_1/pulse_generator.dcp
INFO: [Vivado 12-5825] Read reference checkpoint from C:/Users/rojo_/COMPE475_Project/project_1/project_1.srcs/utils_1/imports/synth_1/pulse_generator.dcp for incremental synthesis
INFO: [Vivado 12-7989] Please ensure there are no constraint changes
Command: synth_design -top burst_tool -part xc7a35tcpg236-1
Starting synth_design
Attempting to get a license for feature 'Synthesis' and/or device 'xc7a35t'
INFO: [Common 17-349] Got license for feature 'Synthesis' and/or device 'xc7a35t'
INFO: [Device 21-403] Loading part xc7a35tcpg236-1
INFO: [Synth 8-7079] Multithreading enabled for synth_design using a maximum of 2 processes.
INFO: [Synth 8-7078] Launching helper process for spawning children vivado processes
INFO: [Synth 8-7075] Helper process launched with PID 2016
---------------------------------------------------------------------------------
Starting RTL Elaboration : Time (s): cpu = 00:00:04 ; elapsed = 00:00:04 . Memory (MB): peak = 1322.477 ; gain = 439.645
---------------------------------------------------------------------------------
INFO: [Synth 8-11241] undeclared symbol 'rms_val', assumed default net type 'wire' [C:/Users/rojo_/COMPE475_Project/project_1/project_1.srcs/sources_1/new/burst_tool.v:45]
INFO: [Synth 8-6157] synthesizing module 'burst_tool' [C:/Users/rojo_/COMPE475_Project/project_1/project_1.srcs/sources_1/new/burst_tool.v:3]
INFO: [Synth 8-6157] synthesizing module 'pulse_generator' [C:/Users/rojo_/COMPE475_Project/project_1/project_1.srcs/sources_1/new/pulse_generator.v:3]
WARNING: [Synth 8-6090] variable 'adjusted_counter' is written by both blocking and non-blocking assignments, entire logic could be removed [C:/Users/rojo_/COMPE475_Project/project_1/project_1.srcs/sources_1/new/pulse_generator.v:81]
WARNING: [Synth 8-6090] variable 'adjusted_counter' is written by both blocking and non-blocking assignments, entire logic could be removed [C:/Users/rojo_/COMPE475_Project/project_1/project_1.srcs/sources_1/new/pulse_generator.v:85]
WARNING: [Synth 8-6090] variable 'adjusted_counter' is written by both blocking and non-blocking assignments, entire logic could be removed [C:/Users/rojo_/COMPE475_Project/project_1/project_1.srcs/sources_1/new/pulse_generator.v:92]
WARNING: [Synth 8-6090] variable 'adjusted_counter' is written by both blocking and non-blocking assignments, entire logic could be removed [C:/Users/rojo_/COMPE475_Project/project_1/project_1.srcs/sources_1/new/pulse_generator.v:96]
WARNING: [Synth 8-6090] variable 'adjusted_counter' is written by both blocking and non-blocking assignments, entire logic could be removed [C:/Users/rojo_/COMPE475_Project/project_1/project_1.srcs/sources_1/new/pulse_generator.v:100]
WARNING: [Synth 8-6090] variable 'adjusted_counter' is written by both blocking and non-blocking assignments, entire logic could be removed [C:/Users/rojo_/COMPE475_Project/project_1/project_1.srcs/sources_1/new/pulse_generator.v:105]
WARNING: [Synth 8-6090] variable 'adjusted_counter' is written by both blocking and non-blocking assignments, entire logic could be removed [C:/Users/rojo_/COMPE475_Project/project_1/project_1.srcs/sources_1/new/pulse_generator.v:109]
WARNING: [Synth 8-6090] variable 'adjusted_counter' is written by both blocking and non-blocking assignments, entire logic could be removed [C:/Users/rojo_/COMPE475_Project/project_1/project_1.srcs/sources_1/new/pulse_generator.v:113]
WARNING: [Synth 8-567] referenced signal 'counter' should be on the sensitivity list [C:/Users/rojo_/COMPE475_Project/project_1/project_1.srcs/sources_1/new/pulse_generator.v:68]
INFO: [Synth 8-6155] done synthesizing module 'pulse_generator' (0#1) [C:/Users/rojo_/COMPE475_Project/project_1/project_1.srcs/sources_1/new/pulse_generator.v:3]
WARNING: [Synth 8-689] width (16) of port connection 'sw' does not match port width (4) of module 'pulse_generator' [C:/Users/rojo_/COMPE475_Project/project_1/project_1.srcs/sources_1/new/burst_tool.v:23]
WARNING: [Synth 8-7071] port 'burst_count' of module 'pulse_generator' is unconnected for instance 'uut0' [C:/Users/rojo_/COMPE475_Project/project_1/project_1.srcs/sources_1/new/burst_tool.v:20]
WARNING: [Synth 8-7023] instance 'uut0' of module 'pulse_generator' has 8 connections declared, but only 7 given [C:/Users/rojo_/COMPE475_Project/project_1/project_1.srcs/sources_1/new/burst_tool.v:20]
INFO: [Synth 8-6157] synthesizing module 'signal_processor' [C:/Users/rojo_/COMPE475_Project/project_1/project_1.srcs/sources_1/new/signal_processor.v:3]
INFO: [Synth 8-6155] done synthesizing module 'signal_processor' (0#1) [C:/Users/rojo_/COMPE475_Project/project_1/project_1.srcs/sources_1/new/signal_processor.v:3]
INFO: [Synth 8-6157] synthesizing module 'sqrt_approx' [C:/Users/rojo_/COMPE475_Project/project_1/project_1.srcs/sources_1/new/sqrt_approx.v:1]
INFO: [Synth 8-6155] done synthesizing module 'sqrt_approx' (0#1) [C:/Users/rojo_/COMPE475_Project/project_1/project_1.srcs/sources_1/new/sqrt_approx.v:1]
WARNING: [Synth 8-7071] port 'clk' of module 'sqrt_approx' is unconnected for instance 'dut9' [C:/Users/rojo_/COMPE475_Project/project_1/project_1.srcs/sources_1/new/burst_tool.v:37]
WARNING: [Synth 8-7071] port 'rst' of module 'sqrt_approx' is unconnected for instance 'dut9' [C:/Users/rojo_/COMPE475_Project/project_1/project_1.srcs/sources_1/new/burst_tool.v:37]
WARNING: [Synth 8-7023] instance 'dut9' of module 'sqrt_approx' has 4 connections declared, but only 2 given [C:/Users/rojo_/COMPE475_Project/project_1/project_1.srcs/sources_1/new/burst_tool.v:37]
INFO: [Synth 8-6157] synthesizing module 'signal_interpreter' [C:/Users/rojo_/COMPE475_Project/project_1/project_1.srcs/sources_1/new/signal_interpreter.v:3]
INFO: [Synth 8-6155] done synthesizing module 'signal_interpreter' (0#1) [C:/Users/rojo_/COMPE475_Project/project_1/project_1.srcs/sources_1/new/signal_interpreter.v:3]
INFO: [Synth 8-6157] synthesizing module 'seven_segment_driver' [C:/Users/rojo_/COMPE475_Project/project_1/project_1.srcs/sources_1/new/seven_segment_driver.v:3]
INFO: [Synth 8-226] default block is never used [C:/Users/rojo_/COMPE475_Project/project_1/project_1.srcs/sources_1/new/seven_segment_driver.v:94]
INFO: [Synth 8-6155] done synthesizing module 'seven_segment_driver' (0#1) [C:/Users/rojo_/COMPE475_Project/project_1/project_1.srcs/sources_1/new/seven_segment_driver.v:3]
INFO: [Synth 8-6155] done synthesizing module 'burst_tool' (0#1) [C:/Users/rojo_/COMPE475_Project/project_1/project_1.srcs/sources_1/new/burst_tool.v:3]
WARNING: [Synth 8-6014] Unused sequential element adjusted_counter_reg was removed.  [C:/Users/rojo_/COMPE475_Project/project_1/project_1.srcs/sources_1/new/pulse_generator.v:36]
WARNING: [Synth 8-6014] Unused sequential element polling_complete_flag_temp_reg was removed.  [C:/Users/rojo_/COMPE475_Project/project_1/project_1.srcs/sources_1/new/pulse_generator.v:49]
WARNING: [Synth 8-3848] Net polling_complete_flag in module/entity pulse_generator does not have driver. [C:/Users/rojo_/COMPE475_Project/project_1/project_1.srcs/sources_1/new/pulse_generator.v:10]
WARNING: [Synth 8-6014] Unused sequential element temp1_reg was removed.  [C:/Users/rojo_/COMPE475_Project/project_1/project_1.srcs/sources_1/new/sqrt_approx.v:15]
WARNING: [Synth 8-6014] Unused sequential element temp2_reg was removed.  [C:/Users/rojo_/COMPE475_Project/project_1/project_1.srcs/sources_1/new/sqrt_approx.v:16]
WARNING: [Synth 8-6014] Unused sequential element approx_reg was removed.  [C:/Users/rojo_/COMPE475_Project/project_1/project_1.srcs/sources_1/new/sqrt_approx.v:17]
CRITICAL WARNING: [Synth 8-6859] multi-driven net on pin C:/Users/rojo_/COMPE475_Project/project_1/project_1.srcs/sources_1/new/burst_tool.v-29.17 with 1st driver pin 'uut0/polling_complete_flag' [C:/Users/rojo_/COMPE475_Project/project_1/project_1.srcs/sources_1/new/burst_tool.v:29]
CRITICAL WARNING: [Synth 8-6859] multi-driven net on pin C:/Users/rojo_/COMPE475_Project/project_1/project_1.srcs/sources_1/new/burst_tool.v-29.17 with 2nd driver pin 'GND' [C:/Users/rojo_/COMPE475_Project/project_1/project_1.srcs/sources_1/new/burst_tool.v:29]
CRITICAL WARNING: [Synth 8-6858] multi-driven net C:/Users/rojo_/COMPE475_Project/project_1/project_1.srcs/sources_1/new/burst_tool.v-29.17 is connected to at least one constant driver which has been preserved, other driver is ignored [C:/Users/rojo_/COMPE475_Project/project_1/project_1.srcs/sources_1/new/burst_tool.v:29]
CRITICAL WARNING: [Synth 8-6859] multi-driven net on pin C:/Users/rojo_/COMPE475_Project/project_1/project_1.srcs/sources_1/new/burst_tool.v-29.17 with 1st driver pin 'uut0/number_of_samples[0]' [C:/Users/rojo_/COMPE475_Project/project_1/project_1.srcs/sources_1/new/burst_tool.v:29]
CRITICAL WARNING: [Synth 8-6859] multi-driven net on pin C:/Users/rojo_/COMPE475_Project/project_1/project_1.srcs/sources_1/new/burst_tool.v-29.17 with 2nd driver pin 'GND' [C:/Users/rojo_/COMPE475_Project/project_1/project_1.srcs/sources_1/new/burst_tool.v:29]
CRITICAL WARNING: [Synth 8-6858] multi-driven net C:/Users/rojo_/COMPE475_Project/project_1/project_1.srcs/sources_1/new/burst_tool.v-29.17 is connected to at least one constant driver which has been preserved, other driver is ignored [C:/Users/rojo_/COMPE475_Project/project_1/project_1.srcs/sources_1/new/burst_tool.v:29]
WARNING: [Synth 8-3848] Net rms_val in module/entity burst_tool does not have driver. [C:/Users/rojo_/COMPE475_Project/project_1/project_1.srcs/sources_1/new/burst_tool.v:45]
WARNING: [Synth 8-7129] Port rst in module signal_processor is either unconnected or has no load
WARNING: [Synth 8-7129] Port special_count[3] in module signal_processor is either unconnected or has no load
WARNING: [Synth 8-7129] Port special_count[2] in module signal_processor is either unconnected or has no load
WARNING: [Synth 8-7129] Port special_count[1] in module signal_processor is either unconnected or has no load
WARNING: [Synth 8-7129] Port special_count[0] in module signal_processor is either unconnected or has no load
WARNING: [Synth 8-7129] Port polling_complete_flag in module signal_processor is either unconnected or has no load
WARNING: [Synth 8-7129] Port samp_num[15] in module signal_processor is either unconnected or has no load
WARNING: [Synth 8-7129] Port samp_num[14] in module signal_processor is either unconnected or has no load
WARNING: [Synth 8-7129] Port samp_num[13] in module signal_processor is either unconnected or has no load
WARNING: [Synth 8-7129] Port samp_num[12] in module signal_processor is either unconnected or has no load
WARNING: [Synth 8-7129] Port samp_num[11] in module signal_processor is either unconnected or has no load
WARNING: [Synth 8-7129] Port samp_num[10] in module signal_processor is either unconnected or has no load
WARNING: [Synth 8-7129] Port samp_num[9] in module signal_processor is either unconnected or has no load
WARNING: [Synth 8-7129] Port samp_num[8] in module signal_processor is either unconnected or has no load
WARNING: [Synth 8-7129] Port samp_num[7] in module signal_processor is either unconnected or has no load
WARNING: [Synth 8-7129] Port samp_num[6] in module signal_processor is either unconnected or has no load
WARNING: [Synth 8-7129] Port samp_num[5] in module signal_processor is either unconnected or has no load
WARNING: [Synth 8-7129] Port samp_num[4] in module signal_processor is either unconnected or has no load
WARNING: [Synth 8-7129] Port samp_num[3] in module signal_processor is either unconnected or has no load
WARNING: [Synth 8-7129] Port samp_num[2] in module signal_processor is either unconnected or has no load
WARNING: [Synth 8-7129] Port samp_num[1] in module signal_processor is either unconnected or has no load
WARNING: [Synth 8-7129] Port samp_num[0] in module signal_processor is either unconnected or has no load
WARNING: [Synth 8-7129] Port polling_complete_flag in module pulse_generator is either unconnected or has no load
WARNING: [Synth 8-7129] Port burst_count[3] in module pulse_generator is either unconnected or has no load
WARNING: [Synth 8-7129] Port burst_count[2] in module pulse_generator is either unconnected or has no load
WARNING: [Synth 8-7129] Port burst_count[1] in module pulse_generator is either unconnected or has no load
WARNING: [Synth 8-7129] Port sw[15] in module burst_tool is either unconnected or has no load
WARNING: [Synth 8-7129] Port sw[14] in module burst_tool is either unconnected or has no load
WARNING: [Synth 8-7129] Port sw[13] in module burst_tool is either unconnected or has no load
WARNING: [Synth 8-7129] Port sw[12] in module burst_tool is either unconnected or has no load
WARNING: [Synth 8-7129] Port sw[11] in module burst_tool is either unconnected or has no load
WARNING: [Synth 8-7129] Port sw[10] in module burst_tool is either unconnected or has no load
WARNING: [Synth 8-7129] Port sw[9] in module burst_tool is either unconnected or has no load
WARNING: [Synth 8-7129] Port sw[8] in module burst_tool is either unconnected or has no load
WARNING: [Synth 8-7129] Port sw[7] in module burst_tool is either unconnected or has no load
WARNING: [Synth 8-7129] Port sw[6] in module burst_tool is either unconnected or has no load
WARNING: [Synth 8-7129] Port sw[5] in module burst_tool is either unconnected or has no load
WARNING: [Synth 8-7129] Port sw[4] in module burst_tool is either unconnected or has no load
---------------------------------------------------------------------------------
Finished RTL Elaboration : Time (s): cpu = 00:00:06 ; elapsed = 00:00:06 . Memory (MB): peak = 1428.914 ; gain = 546.082
---------------------------------------------------------------------------------
---------------------------------------------------------------------------------
Start Handling Custom Attributes
---------------------------------------------------------------------------------
---------------------------------------------------------------------------------
Finished Handling Custom Attributes : Time (s): cpu = 00:00:06 ; elapsed = 00:00:06 . Memory (MB): peak = 1428.914 ; gain = 546.082
---------------------------------------------------------------------------------
---------------------------------------------------------------------------------
Finished RTL Optimization Phase 1 : Time (s): cpu = 00:00:06 ; elapsed = 00:00:06 . Memory (MB): peak = 1428.914 ; gain = 546.082
---------------------------------------------------------------------------------
Netlist sorting complete. Time (s): cpu = 00:00:00 ; elapsed = 00:00:00.003 . Memory (MB): peak = 1428.914 ; gain = 0.000
INFO: [Project 1-570] Preparing netlist for logic optimization

Processing XDC Constraints
Initializing timing engine
Parsing XDC File [C:/Users/rojo_/COMPE475_Project/Constraint_files/Basys-3-Master.xdc]
Finished Parsing XDC File [C:/Users/rojo_/COMPE475_Project/Constraint_files/Basys-3-Master.xdc]
INFO: [Project 1-236] Implementation specific constraints were found while reading constraint file [C:/Users/rojo_/COMPE475_Project/Constraint_files/Basys-3-Master.xdc]. These constraints will be ignored for synthesis but will be used in implementation. Impacted constraints are listed in the file [.Xil/burst_tool_propImpl.xdc].
Resolution: To avoid this warning, move constraints listed in [.Xil/burst_tool_propImpl.xdc] to another XDC file and exclude this new file from synthesis with the used_in_synthesis property (File Properties dialog in GUI) and re-run elaboration/synthesis.
Completed Processing XDC Constraints

Netlist sorting complete. Time (s): cpu = 00:00:00 ; elapsed = 00:00:00.001 . Memory (MB): peak = 1467.809 ; gain = 0.000
INFO: [Project 1-111] Unisim Transformation Summary:
No Unisim elements were transformed.

The system cannot find the path specified.
Constraint Validation Runtime : Time (s): cpu = 00:00:00 ; elapsed = 00:00:00.002 . Memory (MB): peak = 1467.809 ; gain = 0.000
---------------------------------------------------------------------------------
Finished Constraint Validation : Time (s): cpu = 00:00:12 ; elapsed = 00:00:13 . Memory (MB): peak = 1467.809 ; gain = 584.977
---------------------------------------------------------------------------------
---------------------------------------------------------------------------------
Start Loading Part and Timing Information
---------------------------------------------------------------------------------
Loading part: xc7a35tcpg236-1
---------------------------------------------------------------------------------
Finished Loading Part and Timing Information : Time (s): cpu = 00:00:12 ; elapsed = 00:00:13 . Memory (MB): peak = 1467.809 ; gain = 584.977
---------------------------------------------------------------------------------
---------------------------------------------------------------------------------
Start Applying 'set_property' XDC Constraints
---------------------------------------------------------------------------------
---------------------------------------------------------------------------------
Finished applying 'set_property' XDC Constraints : Time (s): cpu = 00:00:12 ; elapsed = 00:00:13 . Memory (MB): peak = 1467.809 ; gain = 584.977
---------------------------------------------------------------------------------
---------------------------------------------------------------------------------
Start Preparing Guide Design
---------------------------------------------------------------------------------
CRITICAL WARNING: [Synth 8-6895] The reference checkpoint C:/Users/rojo_/COMPE475_Project/project_1/project_1.srcs/utils_1/imports/synth_1/pulse_generator.dcp is not suitable for use with incremental synthesis for this design. Please regenerate the checkpoint for this design with -incremental_synth switch in the same Vivado session that synth_design has been run. Synthesis will continue with the default flow
---------------------------------------------------------------------------------
Finished Doing Graph Differ : Time (s): cpu = 00:00:12 ; elapsed = 00:00:13 . Memory (MB): peak = 1467.809 ; gain = 584.977
---------------------------------------------------------------------------------
---------------------------------------------------------------------------------
Finished Preparing Guide Design : Time (s): cpu = 00:00:12 ; elapsed = 00:00:13 . Memory (MB): peak = 1467.809 ; gain = 584.977
---------------------------------------------------------------------------------
---------------------------------------------------------------------------------
Finished RTL Optimization Phase 2 : Time (s): cpu = 00:00:12 ; elapsed = 00:00:13 . Memory (MB): peak = 1467.809 ; gain = 584.977
---------------------------------------------------------------------------------


Incremental Synthesis Report Summary:

1. Incremental synthesis run: no

   Reason for not running incremental synthesis : 


INFO: [Synth 8-7130] Flow is switching to default flow due to incremental criteria not met. If you would like to alter this behaviour and have the flow terminate instead, please set the following parameter config_implementation {autoIncr.Synth.RejectBehavior Terminate}
---------------------------------------------------------------------------------
Start RTL Component Statistics 
---------------------------------------------------------------------------------
Detailed RTL Component Info : 
+---Adders : 
	   2 Input    5 Bit       Adders := 1     
	   2 Input    4 Bit       Adders := 3     
+---Registers : 
	                5 Bit    Registers := 1     
	                4 Bit    Registers := 3     
	                2 Bit    Registers := 1     
	                1 Bit    Registers := 1     
+---Muxes : 
	   3 Input    4 Bit        Muxes := 1     
	   2 Input    4 Bit        Muxes := 2     
	   4 Input    4 Bit        Muxes := 2     
	   4 Input    2 Bit        Muxes := 1     
	   2 Input    1 Bit        Muxes := 3     
---------------------------------------------------------------------------------
Finished RTL Component Statistics 
---------------------------------------------------------------------------------
---------------------------------------------------------------------------------
Start Part Resource Summary
---------------------------------------------------------------------------------
Part Resources:
DSPs: 90 (col length:60)
BRAMs: 100 (col length: RAMB18 60 RAMB36 30)
---------------------------------------------------------------------------------
Finished Part Resource Summary
---------------------------------------------------------------------------------
---------------------------------------------------------------------------------
Start Cross Boundary and Area Optimization
---------------------------------------------------------------------------------
WARNING: [Synth 8-7080] Parallel synthesis criteria is not met
WARNING: [Synth 8-3917] design burst_tool has port special_count[3] driven by constant 0
WARNING: [Synth 8-3917] design burst_tool has port special_count[2] driven by constant 0
WARNING: [Synth 8-3917] design burst_tool has port special_count[1] driven by constant 0
WARNING: [Synth 8-3917] design burst_tool has port special_count[0] driven by constant 0
WARNING: [Synth 8-3917] design burst_tool has port rms_radicand[15] driven by constant 0
WARNING: [Synth 8-3917] design burst_tool has port rms_radicand[14] driven by constant 0
WARNING: [Synth 8-3917] design burst_tool has port rms_radicand[13] driven by constant 0
WARNING: [Synth 8-3917] design burst_tool has port rms_radicand[12] driven by constant 0
WARNING: [Synth 8-3917] design burst_tool has port rms_radicand[11] driven by constant 0
WARNING: [Synth 8-3917] design burst_tool has port rms_radicand[10] driven by constant 0
WARNING: [Synth 8-3917] design burst_tool has port rms_radicand[9] driven by constant 0
WARNING: [Synth 8-3917] design burst_tool has port rms_radicand[8] driven by constant 0
WARNING: [Synth 8-3917] design burst_tool has port rms_radicand[7] driven by constant 0
WARNING: [Synth 8-3917] design burst_tool has port rms_radicand[6] driven by constant 0
WARNING: [Synth 8-3917] design burst_tool has port rms_radicand[5] driven by constant 0
WARNING: [Synth 8-3917] design burst_tool has port rms_radicand[4] driven by constant 0
WARNING: [Synth 8-3917] design burst_tool has port rms_radicand[3] driven by constant 0
WARNING: [Synth 8-3917] design burst_tool has port rms_radicand[2] driven by constant 1
WARNING: [Synth 8-3917] design burst_tool has port rms_radicand[1] driven by constant 0
WARNING: [Synth 8-3917] design burst_tool has port rms_radicand[0] driven by constant 0
WARNING: [Synth 8-3917] design burst_tool has port rms_value_out[15] driven by constant 0
WARNING: [Synth 8-3917] design burst_tool has port rms_value_out[14] driven by constant 0
WARNING: [Synth 8-3917] design burst_tool has port rms_value_out[13] driven by constant 0
WARNING: [Synth 8-3917] design burst_tool has port rms_value_out[12] driven by constant 0
WARNING: [Synth 8-3917] design burst_tool has port rms_value_out[11] driven by constant 0
WARNING: [Synth 8-3917] design burst_tool has port rms_value_out[10] driven by constant 0
WARNING: [Synth 8-3917] design burst_tool has port rms_value_out[9] driven by constant 0
WARNING: [Synth 8-3917] design burst_tool has port rms_value_out[8] driven by constant 0
WARNING: [Synth 8-3917] design burst_tool has port rms_value_out[7] driven by constant 0
WARNING: [Synth 8-3917] design burst_tool has port rms_value_out[6] driven by constant 0
WARNING: [Synth 8-3917] design burst_tool has port rms_value_out[5] driven by constant 0
WARNING: [Synth 8-3917] design burst_tool has port rms_value_out[4] driven by constant 0
WARNING: [Synth 8-7129] Port sw[15] in module burst_tool is either unconnected or has no load
WARNING: [Synth 8-7129] Port sw[14] in module burst_tool is either unconnected or has no load
WARNING: [Synth 8-7129] Port sw[13] in module burst_tool is either unconnected or has no load
WARNING: [Synth 8-7129] Port sw[12] in module burst_tool is either unconnected or has no load
WARNING: [Synth 8-7129] Port sw[11] in module burst_tool is either unconnected or has no load
WARNING: [Synth 8-7129] Port sw[10] in module burst_tool is either unconnected or has no load
WARNING: [Synth 8-7129] Port sw[9] in module burst_tool is either unconnected or has no load
WARNING: [Synth 8-7129] Port sw[8] in module burst_tool is either unconnected or has no load
WARNING: [Synth 8-7129] Port sw[7] in module burst_tool is either unconnected or has no load
WARNING: [Synth 8-7129] Port sw[6] in module burst_tool is either unconnected or has no load
WARNING: [Synth 8-7129] Port sw[5] in module burst_tool is either unconnected or has no load
WARNING: [Synth 8-7129] Port sw[4] in module burst_tool is either unconnected or has no load
CRITICAL WARNING: [Synth 8-6859] multi-driven net on pin counter_reg[4] with 1st driver pin 'uut0/counter_reg[4]/Q' [C:/Users/rojo_/COMPE475_Project/project_1/project_1.srcs/sources_1/new/pulse_generator.v:35]
CRITICAL WARNING: [Synth 8-6859] multi-driven net on pin counter_reg[4] with 2nd driver pin 'GND' [C:/Users/rojo_/COMPE475_Project/project_1/project_1.srcs/sources_1/new/pulse_generator.v:35]
CRITICAL WARNING: [Synth 8-6858] multi-driven net counter_reg[4] is connected to at least one constant driver which has been preserved, other driver is ignored [C:/Users/rojo_/COMPE475_Project/project_1/project_1.srcs/sources_1/new/pulse_generator.v:35]
CRITICAL WARNING: [Synth 8-6859] multi-driven net on pin counter_reg[3] with 1st driver pin 'uut0/counter_reg[3]/Q' [C:/Users/rojo_/COMPE475_Project/project_1/project_1.srcs/sources_1/new/pulse_generator.v:35]
CRITICAL WARNING: [Synth 8-6859] multi-driven net on pin counter_reg[3] with 2nd driver pin 'GND' [C:/Users/rojo_/COMPE475_Project/project_1/project_1.srcs/sources_1/new/pulse_generator.v:35]
CRITICAL WARNING: [Synth 8-6858] multi-driven net counter_reg[3] is connected to at least one constant driver which has been preserved, other driver is ignored [C:/Users/rojo_/COMPE475_Project/project_1/project_1.srcs/sources_1/new/pulse_generator.v:35]
CRITICAL WARNING: [Synth 8-6859] multi-driven net on pin counter_reg[2] with 1st driver pin 'uut0/counter_reg[2]/Q' [C:/Users/rojo_/COMPE475_Project/project_1/project_1.srcs/sources_1/new/pulse_generator.v:35]
CRITICAL WARNING: [Synth 8-6859] multi-driven net on pin counter_reg[2] with 2nd driver pin 'GND' [C:/Users/rojo_/COMPE475_Project/project_1/project_1.srcs/sources_1/new/pulse_generator.v:35]
CRITICAL WARNING: [Synth 8-6858] multi-driven net counter_reg[2] is connected to at least one constant driver which has been preserved, other driver is ignored [C:/Users/rojo_/COMPE475_Project/project_1/project_1.srcs/sources_1/new/pulse_generator.v:35]
CRITICAL WARNING: [Synth 8-6859] multi-driven net on pin counter_reg[1] with 1st driver pin 'uut0/counter_reg[1]/Q' [C:/Users/rojo_/COMPE475_Project/project_1/project_1.srcs/sources_1/new/pulse_generator.v:35]
CRITICAL WARNING: [Synth 8-6859] multi-driven net on pin counter_reg[1] with 2nd driver pin 'GND' [C:/Users/rojo_/COMPE475_Project/project_1/project_1.srcs/sources_1/new/pulse_generator.v:35]
CRITICAL WARNING: [Synth 8-6858] multi-driven net counter_reg[1] is connected to at least one constant driver which has been preserved, other driver is ignored [C:/Users/rojo_/COMPE475_Project/project_1/project_1.srcs/sources_1/new/pulse_generator.v:35]
CRITICAL WARNING: [Synth 8-6859] multi-driven net on pin counter_reg[0] with 1st driver pin 'uut0/counter_reg[0]/Q' [C:/Users/rojo_/COMPE475_Project/project_1/project_1.srcs/sources_1/new/pulse_generator.v:35]
CRITICAL WARNING: [Synth 8-6859] multi-driven net on pin counter_reg[0] with 2nd driver pin 'GND' [C:/Users/rojo_/COMPE475_Project/project_1/project_1.srcs/sources_1/new/pulse_generator.v:35]
CRITICAL WARNING: [Synth 8-6858] multi-driven net counter_reg[0] is connected to at least one constant driver which has been preserved, other driver is ignored [C:/Users/rojo_/COMPE475_Project/project_1/project_1.srcs/sources_1/new/pulse_generator.v:35]
CRITICAL WARNING: [Synth 8-6859] multi-driven net on pin Q with 1st driver pin 'uut0/special_counter_reg[3]/Q' [C:/Users/rojo_/COMPE475_Project/project_1/project_1.srcs/sources_1/new/pulse_generator.v:64]
CRITICAL WARNING: [Synth 8-6859] multi-driven net on pin Q with 2nd driver pin 'GND' [C:/Users/rojo_/COMPE475_Project/project_1/project_1.srcs/sources_1/new/pulse_generator.v:64]
CRITICAL WARNING: [Synth 8-6858] multi-driven net Q is connected to at least one constant driver which has been preserved, other driver is ignored [C:/Users/rojo_/COMPE475_Project/project_1/project_1.srcs/sources_1/new/pulse_generator.v:64]
CRITICAL WARNING: [Synth 8-6859] multi-driven net on pin Q with 1st driver pin 'uut0/special_counter_reg[2]/Q' [C:/Users/rojo_/COMPE475_Project/project_1/project_1.srcs/sources_1/new/pulse_generator.v:64]
CRITICAL WARNING: [Synth 8-6859] multi-driven net on pin Q with 2nd driver pin 'GND' [C:/Users/rojo_/COMPE475_Project/project_1/project_1.srcs/sources_1/new/pulse_generator.v:64]
CRITICAL WARNING: [Synth 8-6858] multi-driven net Q is connected to at least one constant driver which has been preserved, other driver is ignored [C:/Users/rojo_/COMPE475_Project/project_1/project_1.srcs/sources_1/new/pulse_generator.v:64]
CRITICAL WARNING: [Synth 8-6859] multi-driven net on pin Q with 1st driver pin 'uut0/special_counter_reg[1]/Q' [C:/Users/rojo_/COMPE475_Project/project_1/project_1.srcs/sources_1/new/pulse_generator.v:64]
CRITICAL WARNING: [Synth 8-6859] multi-driven net on pin Q with 2nd driver pin 'GND' [C:/Users/rojo_/COMPE475_Project/project_1/project_1.srcs/sources_1/new/pulse_generator.v:64]
CRITICAL WARNING: [Synth 8-6858] multi-driven net Q is connected to at least one constant driver which has been preserved, other driver is ignored [C:/Users/rojo_/COMPE475_Project/project_1/project_1.srcs/sources_1/new/pulse_generator.v:64]
CRITICAL WARNING: [Synth 8-6859] multi-driven net on pin Q with 1st driver pin 'uut0/special_counter_reg[0]/Q' [C:/Users/rojo_/COMPE475_Project/project_1/project_1.srcs/sources_1/new/pulse_generator.v:64]
CRITICAL WARNING: [Synth 8-6859] multi-driven net on pin Q with 2nd driver pin 'GND' [C:/Users/rojo_/COMPE475_Project/project_1/project_1.srcs/sources_1/new/pulse_generator.v:64]
CRITICAL WARNING: [Synth 8-6858] multi-driven net Q is connected to at least one constant driver which has been preserved, other driver is ignored [C:/Users/rojo_/COMPE475_Project/project_1/project_1.srcs/sources_1/new/pulse_generator.v:64]
CRITICAL WARNING: [Synth 8-6859] multi-driven net on pin Q with 1st driver pin 'uut0/special_counter_reg[3]__0/Q' [C:/Users/rojo_/COMPE475_Project/project_1/project_1.srcs/sources_1/new/pulse_generator.v:38]
CRITICAL WARNING: [Synth 8-6859] multi-driven net on pin Q with 2nd driver pin 'GND' [C:/Users/rojo_/COMPE475_Project/project_1/project_1.srcs/sources_1/new/pulse_generator.v:38]
CRITICAL WARNING: [Synth 8-6858] multi-driven net Q is connected to at least one constant driver which has been preserved, other driver is ignored [C:/Users/rojo_/COMPE475_Project/project_1/project_1.srcs/sources_1/new/pulse_generator.v:38]
CRITICAL WARNING: [Synth 8-6859] multi-driven net on pin Q with 1st driver pin 'uut0/special_counter_reg[2]__0/Q' [C:/Users/rojo_/COMPE475_Project/project_1/project_1.srcs/sources_1/new/pulse_generator.v:38]
CRITICAL WARNING: [Synth 8-6859] multi-driven net on pin Q with 2nd driver pin 'GND' [C:/Users/rojo_/COMPE475_Project/project_1/project_1.srcs/sources_1/new/pulse_generator.v:38]
CRITICAL WARNING: [Synth 8-6858] multi-driven net Q is connected to at least one constant driver which has been preserved, other driver is ignored [C:/Users/rojo_/COMPE475_Project/project_1/project_1.srcs/sources_1/new/pulse_generator.v:38]
CRITICAL WARNING: [Synth 8-6859] multi-driven net on pin Q with 1st driver pin 'uut0/special_counter_reg[1]__0/Q' [C:/Users/rojo_/COMPE475_Project/project_1/project_1.srcs/sources_1/new/pulse_generator.v:38]
CRITICAL WARNING: [Synth 8-6859] multi-driven net on pin Q with 2nd driver pin 'GND' [C:/Users/rojo_/COMPE475_Project/project_1/project_1.srcs/sources_1/new/pulse_generator.v:38]
CRITICAL WARNING: [Synth 8-6858] multi-driven net Q is connected to at least one constant driver which has been preserved, other driver is ignored [C:/Users/rojo_/COMPE475_Project/project_1/project_1.srcs/sources_1/new/pulse_generator.v:38]
CRITICAL WARNING: [Synth 8-6859] multi-driven net on pin Q with 1st driver pin 'uut0/special_counter_reg[0]__0/Q' [C:/Users/rojo_/COMPE475_Project/project_1/project_1.srcs/sources_1/new/pulse_generator.v:38]
CRITICAL WARNING: [Synth 8-6859] multi-driven net on pin Q with 2nd driver pin 'GND' [C:/Users/rojo_/COMPE475_Project/project_1/project_1.srcs/sources_1/new/pulse_generator.v:38]
CRITICAL WARNING: [Synth 8-6858] multi-driven net Q is connected to at least one constant driver which has been preserved, other driver is ignored [C:/Users/rojo_/COMPE475_Project/project_1/project_1.srcs/sources_1/new/pulse_generator.v:38]
CRITICAL WARNING: [Synth 8-6859] multi-driven net on pin Q with 1st driver pin 'uut0/special_counter_clock_counts_reg[3]/Q' [C:/Users/rojo_/COMPE475_Project/project_1/project_1.srcs/sources_1/new/pulse_generator.v:65]
CRITICAL WARNING: [Synth 8-6859] multi-driven net on pin Q with 2nd driver pin 'GND' [C:/Users/rojo_/COMPE475_Project/project_1/project_1.srcs/sources_1/new/pulse_generator.v:65]
CRITICAL WARNING: [Synth 8-6858] multi-driven net Q is connected to at least one constant driver which has been preserved, other driver is ignored [C:/Users/rojo_/COMPE475_Project/project_1/project_1.srcs/sources_1/new/pulse_generator.v:65]
CRITICAL WARNING: [Synth 8-6859] multi-driven net on pin Q with 1st driver pin 'uut0/special_counter_clock_counts_reg[2]/Q' [C:/Users/rojo_/COMPE475_Project/project_1/project_1.srcs/sources_1/new/pulse_generator.v:65]
CRITICAL WARNING: [Synth 8-6859] multi-driven net on pin Q with 2nd driver pin 'GND' [C:/Users/rojo_/COMPE475_Project/project_1/project_1.srcs/sources_1/new/pulse_generator.v:65]
CRITICAL WARNING: [Synth 8-6858] multi-driven net Q is connected to at least one constant driver which has been preserved, other driver is ignored [C:/Users/rojo_/COMPE475_Project/project_1/project_1.srcs/sources_1/new/pulse_generator.v:65]
CRITICAL WARNING: [Synth 8-6859] multi-driven net on pin Q with 1st driver pin 'uut0/special_counter_clock_counts_reg[1]/Q' [C:/Users/rojo_/COMPE475_Project/project_1/project_1.srcs/sources_1/new/pulse_generator.v:65]
CRITICAL WARNING: [Synth 8-6859] multi-driven net on pin Q with 2nd driver pin 'GND' [C:/Users/rojo_/COMPE475_Project/project_1/project_1.srcs/sources_1/new/pulse_generator.v:65]
CRITICAL WARNING: [Synth 8-6858] multi-driven net Q is connected to at least one constant driver which has been preserved, other driver is ignored [C:/Users/rojo_/COMPE475_Project/project_1/project_1.srcs/sources_1/new/pulse_generator.v:65]
CRITICAL WARNING: [Synth 8-6859] multi-driven net on pin Q with 1st driver pin 'uut0/special_counter_clock_counts_reg[0]/Q' [C:/Users/rojo_/COMPE475_Project/project_1/project_1.srcs/sources_1/new/pulse_generator.v:65]
CRITICAL WARNING: [Synth 8-6859] multi-driven net on pin Q with 2nd driver pin 'GND' [C:/Users/rojo_/COMPE475_Project/project_1/project_1.srcs/sources_1/new/pulse_generator.v:65]
CRITICAL WARNING: [Synth 8-6858] multi-driven net Q is connected to at least one constant driver which has been preserved, other driver is ignored [C:/Users/rojo_/COMPE475_Project/project_1/project_1.srcs/sources_1/new/pulse_generator.v:65]
CRITICAL WARNING: [Synth 8-6859] multi-driven net on pin Q with 1st driver pin 'uut0/special_counter_clock_counts_reg[3]__0/Q' [C:/Users/rojo_/COMPE475_Project/project_1/project_1.srcs/sources_1/new/pulse_generator.v:39]
CRITICAL WARNING: [Synth 8-6859] multi-driven net on pin Q with 2nd driver pin 'GND' [C:/Users/rojo_/COMPE475_Project/project_1/project_1.srcs/sources_1/new/pulse_generator.v:39]
CRITICAL WARNING: [Synth 8-6858] multi-driven net Q is connected to at least one constant driver which has been preserved, other driver is ignored [C:/Users/rojo_/COMPE475_Project/project_1/project_1.srcs/sources_1/new/pulse_generator.v:39]
CRITICAL WARNING: [Synth 8-6859] multi-driven net on pin Q with 1st driver pin 'uut0/special_counter_clock_counts_reg[2]__0/Q' [C:/Users/rojo_/COMPE475_Project/project_1/project_1.srcs/sources_1/new/pulse_generator.v:39]
CRITICAL WARNING: [Synth 8-6859] multi-driven net on pin Q with 2nd driver pin 'GND' [C:/Users/rojo_/COMPE475_Project/project_1/project_1.srcs/sources_1/new/pulse_generator.v:39]
CRITICAL WARNING: [Synth 8-6858] multi-driven net Q is connected to at least one constant driver which has been preserved, other driver is ignored [C:/Users/rojo_/COMPE475_Project/project_1/project_1.srcs/sources_1/new/pulse_generator.v:39]
CRITICAL WARNING: [Synth 8-6859] multi-driven net on pin Q with 1st driver pin 'uut0/special_counter_clock_counts_reg[1]__0/Q' [C:/Users/rojo_/COMPE475_Project/project_1/project_1.srcs/sources_1/new/pulse_generator.v:39]
CRITICAL WARNING: [Synth 8-6859] multi-driven net on pin Q with 2nd driver pin 'GND' [C:/Users/rojo_/COMPE475_Project/project_1/project_1.srcs/sources_1/new/pulse_generator.v:39]
CRITICAL WARNING: [Synth 8-6858] multi-driven net Q is connected to at least one constant driver which has been preserved, other driver is ignored [C:/Users/rojo_/COMPE475_Project/project_1/project_1.srcs/sources_1/new/pulse_generator.v:39]
CRITICAL WARNING: [Synth 8-6859] multi-driven net on pin Q with 1st driver pin 'uut0/special_counter_clock_counts_reg[0]__0/Q' [C:/Users/rojo_/COMPE475_Project/project_1/project_1.srcs/sources_1/new/pulse_generator.v:39]
CRITICAL WARNING: [Synth 8-6859] multi-driven net on pin Q with 2nd driver pin 'GND' [C:/Users/rojo_/COMPE475_Project/project_1/project_1.srcs/sources_1/new/pulse_generator.v:39]
CRITICAL WARNING: [Synth 8-6858] multi-driven net Q is connected to at least one constant driver which has been preserved, other driver is ignored [C:/Users/rojo_/COMPE475_Project/project_1/project_1.srcs/sources_1/new/pulse_generator.v:39]
---------------------------------------------------------------------------------
Finished Cross Boundary and Area Optimization : Time (s): cpu = 00:00:14 ; elapsed = 00:00:16 . Memory (MB): peak = 1467.809 ; gain = 584.977
---------------------------------------------------------------------------------
---------------------------------------------------------------------------------
Start Applying XDC Timing Constraints
---------------------------------------------------------------------------------
---------------------------------------------------------------------------------
Finished Applying XDC Timing Constraints : Time (s): cpu = 00:00:18 ; elapsed = 00:00:20 . Memory (MB): peak = 1467.809 ; gain = 584.977
---------------------------------------------------------------------------------
---------------------------------------------------------------------------------
Start Timing Optimization
---------------------------------------------------------------------------------
---------------------------------------------------------------------------------
Finished Timing Optimization : Time (s): cpu = 00:00:19 ; elapsed = 00:00:20 . Memory (MB): peak = 1467.809 ; gain = 584.977
---------------------------------------------------------------------------------
---------------------------------------------------------------------------------
Start Technology Mapping
---------------------------------------------------------------------------------
CRITICAL WARNING: [Synth 8-6859] multi-driven net on pin I2[3] with 1st driver pin 'i_237/O' [C:/Users/rojo_/COMPE475_Project/project_1/project_1.srcs/sources_1/new/seven_segment_driver.v:30]
CRITICAL WARNING: [Synth 8-6859] multi-driven net on pin I2[3] with 2nd driver pin 'GND' [C:/Users/rojo_/COMPE475_Project/project_1/project_1.srcs/sources_1/new/seven_segment_driver.v:30]
CRITICAL WARNING: [Synth 8-6858] multi-driven net I2[3] is connected to at least one constant driver which has been preserved, other driver is ignored [C:/Users/rojo_/COMPE475_Project/project_1/project_1.srcs/sources_1/new/seven_segment_driver.v:30]
CRITICAL WARNING: [Synth 8-6859] multi-driven net on pin I2[2] with 1st driver pin 'i_253/O' [C:/Users/rojo_/COMPE475_Project/project_1/project_1.srcs/sources_1/new/seven_segment_driver.v:30]
CRITICAL WARNING: [Synth 8-6859] multi-driven net on pin I2[2] with 2nd driver pin 'GND' [C:/Users/rojo_/COMPE475_Project/project_1/project_1.srcs/sources_1/new/seven_segment_driver.v:30]
CRITICAL WARNING: [Synth 8-6858] multi-driven net I2[2] is connected to at least one constant driver which has been preserved, other driver is ignored [C:/Users/rojo_/COMPE475_Project/project_1/project_1.srcs/sources_1/new/seven_segment_driver.v:30]
CRITICAL WARNING: [Synth 8-6859] multi-driven net on pin I2[1] with 1st driver pin 'i_267/O' [C:/Users/rojo_/COMPE475_Project/project_1/project_1.srcs/sources_1/new/seven_segment_driver.v:30]
CRITICAL WARNING: [Synth 8-6859] multi-driven net on pin I2[1] with 2nd driver pin 'GND' [C:/Users/rojo_/COMPE475_Project/project_1/project_1.srcs/sources_1/new/seven_segment_driver.v:30]
CRITICAL WARNING: [Synth 8-6858] multi-driven net I2[1] is connected to at least one constant driver which has been preserved, other driver is ignored [C:/Users/rojo_/COMPE475_Project/project_1/project_1.srcs/sources_1/new/seven_segment_driver.v:30]
CRITICAL WARNING: [Synth 8-6859] multi-driven net on pin I2[0] with 1st driver pin 'i_282/O' [C:/Users/rojo_/COMPE475_Project/project_1/project_1.srcs/sources_1/new/seven_segment_driver.v:30]
CRITICAL WARNING: [Synth 8-6859] multi-driven net on pin I2[0] with 2nd driver pin 'GND' [C:/Users/rojo_/COMPE475_Project/project_1/project_1.srcs/sources_1/new/seven_segment_driver.v:30]
CRITICAL WARNING: [Synth 8-6858] multi-driven net I2[0] is connected to at least one constant driver which has been preserved, other driver is ignored [C:/Users/rojo_/COMPE475_Project/project_1/project_1.srcs/sources_1/new/seven_segment_driver.v:30]
Found timing loop:
     0: i_139/O (LUT2)
      [C:/Users/rojo_/COMPE475_Project/project_1/project_1.srcs/sources_1/new/seven_segment_driver.v:30]
     1: i_139/I1 (LUT2)
     2: i_139/O (LUT2)
CRITICAL WARNING: [Synth 8-295] found timing loop. [C:/Users/rojo_/COMPE475_Project/project_1/project_1.srcs/sources_1/new/burst_tool.v:3]
Inferred a: "set_disable_timing -from I1 -to O i_139"
---------------------------------------------------------------------------------
Finished Technology Mapping : Time (s): cpu = 00:00:19 ; elapsed = 00:00:20 . Memory (MB): peak = 1467.809 ; gain = 584.977
---------------------------------------------------------------------------------
---------------------------------------------------------------------------------
Start IO Insertion
---------------------------------------------------------------------------------
---------------------------------------------------------------------------------
Start Flattening Before IO Insertion
---------------------------------------------------------------------------------
---------------------------------------------------------------------------------
Finished Flattening Before IO Insertion
---------------------------------------------------------------------------------
---------------------------------------------------------------------------------
Start Final Netlist Cleanup
---------------------------------------------------------------------------------
---------------------------------------------------------------------------------
Finished Final Netlist Cleanup
---------------------------------------------------------------------------------
---------------------------------------------------------------------------------
Finished IO Insertion : Time (s): cpu = 00:00:23 ; elapsed = 00:00:24 . Memory (MB): peak = 1467.809 ; gain = 584.977
---------------------------------------------------------------------------------
---------------------------------------------------------------------------------
Start Renaming Generated Instances
---------------------------------------------------------------------------------
---------------------------------------------------------------------------------
Finished Renaming Generated Instances : Time (s): cpu = 00:00:23 ; elapsed = 00:00:24 . Memory (MB): peak = 1467.809 ; gain = 584.977
---------------------------------------------------------------------------------
CRITICAL WARNING: [Synth 8-6859] multi-driven net on pin uut3/state_reg[1] with 1st driver pin 'an_OBUF[3]_inst_i_3/O' [C:/Users/rojo_/COMPE475_Project/project_1/project_1.srcs/sources_1/new/seven_segment_driver.v:30]
CRITICAL WARNING: [Synth 8-6859] multi-driven net on pin uut3/state_reg[1] with 2nd driver pin 'uut3/state_reg[1]/Q' [C:/Users/rojo_/COMPE475_Project/project_1/project_1.srcs/sources_1/new/seven_segment_driver.v:32]
CRITICAL WARNING: [Synth 8-6859] multi-driven net on pin uut3/state_reg[0] with 1st driver pin 'an_OBUF[3]_inst_i_2/O' [C:/Users/rojo_/COMPE475_Project/project_1/project_1.srcs/sources_1/new/seven_segment_driver.v:30]
CRITICAL WARNING: [Synth 8-6859] multi-driven net on pin uut3/state_reg[0] with 2nd driver pin 'uut3/state_reg[0]/Q' [C:/Users/rojo_/COMPE475_Project/project_1/project_1.srcs/sources_1/new/seven_segment_driver.v:32]

Report Check Netlist: 
+------+------------------+-------+---------+-------+------------------+
|      |Item              |Errors |Warnings |Status |Description       |
+------+------------------+-------+---------+-------+------------------+
|1     |multi_driven_nets |      0|        2|Failed |Multi driven nets |
+------+------------------+-------+---------+-------+------------------+
---------------------------------------------------------------------------------
Start Rebuilding User Hierarchy
---------------------------------------------------------------------------------
---------------------------------------------------------------------------------
Finished Rebuilding User Hierarchy : Time (s): cpu = 00:00:23 ; elapsed = 00:00:24 . Memory (MB): peak = 1467.809 ; gain = 584.977
---------------------------------------------------------------------------------
---------------------------------------------------------------------------------
Start Renaming Generated Ports
---------------------------------------------------------------------------------
---------------------------------------------------------------------------------
Finished Renaming Generated Ports : Time (s): cpu = 00:00:23 ; elapsed = 00:00:24 . Memory (MB): peak = 1467.809 ; gain = 584.977
---------------------------------------------------------------------------------
---------------------------------------------------------------------------------
Start Handling Custom Attributes
---------------------------------------------------------------------------------
---------------------------------------------------------------------------------
Finished Handling Custom Attributes : Time (s): cpu = 00:00:23 ; elapsed = 00:00:24 . Memory (MB): peak = 1467.809 ; gain = 584.977
---------------------------------------------------------------------------------
---------------------------------------------------------------------------------
Start Renaming Generated Nets
---------------------------------------------------------------------------------
---------------------------------------------------------------------------------
Finished Renaming Generated Nets : Time (s): cpu = 00:00:23 ; elapsed = 00:00:24 . Memory (MB): peak = 1467.809 ; gain = 584.977
---------------------------------------------------------------------------------
---------------------------------------------------------------------------------
Start Writing Synthesis Report
---------------------------------------------------------------------------------

Report BlackBoxes: 
+-+--------------+----------+
| |BlackBox name |Instances |
+-+--------------+----------+
+-+--------------+----------+

Report Cell Usage: 
+------+-------+------+
|      |Cell   |Count |
+------+-------+------+
|1     |BUFG   |     1|
|2     |CARRY4 |     5|
|3     |LUT1   |     2|
|4     |LUT2   |     5|
|5     |LUT3   |     2|
|6     |LUT4   |     1|
|7     |FDCE   |    20|
|8     |FDRE   |     5|
|9     |IBUF   |     6|
|10    |OBUF   |    52|
+------+-------+------+
---------------------------------------------------------------------------------
Finished Writing Synthesis Report : Time (s): cpu = 00:00:23 ; elapsed = 00:00:24 . Memory (MB): peak = 1467.809 ; gain = 584.977
---------------------------------------------------------------------------------
Synthesis finished with 0 errors, 81 critical warnings and 45 warnings.
Synthesis Optimization Runtime : Time (s): cpu = 00:00:16 ; elapsed = 00:00:22 . Memory (MB): peak = 1467.809 ; gain = 546.082
Synthesis Optimization Complete : Time (s): cpu = 00:00:23 ; elapsed = 00:00:24 . Memory (MB): peak = 1467.809 ; gain = 584.977
INFO: [Project 1-571] Translating synthesized netlist
Netlist sorting complete. Time (s): cpu = 00:00:00 ; elapsed = 00:00:00.001 . Memory (MB): peak = 1467.809 ; gain = 0.000
INFO: [Netlist 29-17] Analyzing 5 Unisim elements for replacement
INFO: [Netlist 29-28] Unisim Transformation completed in 0 CPU seconds
INFO: [Project 1-570] Preparing netlist for logic optimization
INFO: [Opt 31-138] Pushed 0 inverter(s) to 0 load pin(s).
Netlist sorting complete. Time (s): cpu = 00:00:00 ; elapsed = 00:00:00 . Memory (MB): peak = 1467.809 ; gain = 0.000
INFO: [Project 1-111] Unisim Transformation Summary:
No Unisim elements were transformed.

The system cannot find the path specified.
Synth Design complete | Checksum: 87e47c56
INFO: [Common 17-83] Releasing license: Synthesis
32 Infos, 107 Warnings, 87 Critical Warnings and 0 Errors encountered.
synth_design completed successfully
synth_design: Time (s): cpu = 00:00:26 ; elapsed = 00:00:28 . Memory (MB): peak = 1467.809 ; gain = 974.664
INFO: [runtcl-6] Synthesis results are not added to the cache due to CRITICAL_WARNING
Write ShapeDB Complete: Time (s): cpu = 00:00:00 ; elapsed = 00:00:00.001 . Memory (MB): peak = 1467.809 ; gain = 0.000
INFO: [Common 17-1381] The checkpoint 'C:/Users/rojo_/COMPE475_Project/project_1/project_1.runs/synth_1/burst_tool.dcp' has been generated.
INFO: [runtcl-4] Executing : report_utilization -file burst_tool_utilization_synth.rpt -pb burst_tool_utilization_synth.pb
INFO: [Common 17-206] Exiting Vivado at Thu Nov 30 01:03:26 2023...
