
*** Running vivado
    with args -log PWM_Generator.vds -m64 -product Vivado -mode batch -messageDb vivado.pb -notrace -source PWM_Generator.tcl


ECHO is off.
ECHO is off.

****** Vivado v2023.2 (64-bit)
  **** SW Build 4029153 on Fri Oct 13 20:14:34 MDT 2023
  **** IP Build 4028589 on Sat Oct 14 00:45:43 MDT 2023
  **** SharedData Build 4025554 on Tue Oct 10 17:18:54 MDT 2023
    ** Copyright 1986-2022 Xilinx, Inc. All Rights Reserved.
    ** Copyright 2022-2023 Advanced Micro Devices, Inc. All Rights Reserved.

Sourcing tcl script 'C:/Users/rojo_/AppData/Roaming/Xilinx/Vivado/Vivado_init.tcl'
source PWM_Generator.tcl -notrace
create_project: Time (s): cpu = 00:00:03 ; elapsed = 00:00:05 . Memory (MB): peak = 489.152 ; gain = 179.449
Command: read_checkpoint -auto_incremental -incremental C:/COMPE475_Project/PWM_HW/PWM_HW.srcs/utils_1/imports/synth_1/PWM_Generator.dcp
INFO: [Vivado 12-5825] Read reference checkpoint from C:/COMPE475_Project/PWM_HW/PWM_HW.srcs/utils_1/imports/synth_1/PWM_Generator.dcp for incremental synthesis
INFO: [Vivado 12-7989] Please ensure there are no constraint changes
Command: synth_design -top PWM_Generator -part xc7a35tcpg236-1
Starting synth_design
Attempting to get a license for feature 'Synthesis' and/or device 'xc7a35t'
INFO: [Common 17-349] Got license for feature 'Synthesis' and/or device 'xc7a35t'
INFO: [Device 21-403] Loading part xc7a35tcpg236-1
INFO: [Designutils 20-5440] No compile time benefit to using incremental synthesis; A full resynthesis will be run
INFO: [Designutils 20-4379] Flow is switching to default flow due to incremental criteria not met. If you would like to alter this behaviour and have the flow terminate instead, please set the following parameter config_implementation {autoIncr.Synth.RejectBehavior Terminate}
INFO: [Synth 8-7079] Multithreading enabled for synth_design using a maximum of 2 processes.
INFO: [Synth 8-7078] Launching helper process for spawning children vivado processes
INFO: [Synth 8-7075] Helper process launched with PID 3608
---------------------------------------------------------------------------------
Starting RTL Elaboration : Time (s): cpu = 00:00:04 ; elapsed = 00:00:04 . Memory (MB): peak = 1325.297 ; gain = 440.215
---------------------------------------------------------------------------------
INFO: [Synth 8-11241] undeclared symbol 'width_sig', assumed default net type 'wire' [C:/COMPE475_Project/PWM_HW/PWM_HW.srcs/sources_1/new/PWM_Generator.v:33]
INFO: [Synth 8-6157] synthesizing module 'PWM_Generator' [C:/COMPE475_Project/PWM_HW/PWM_HW.srcs/sources_1/new/PWM_Generator.v:3]
INFO: [Synth 8-6157] synthesizing module 'pulse_generator' [C:/COMPE475_Project/PWM_HW/PWM_HW.srcs/sources_1/new/pulse_generator.v:3]
INFO: [Synth 8-6157] synthesizing module 'clk_divider' [C:/COMPE475_Project/PWM_HW/PWM_HW.srcs/sources_1/new/clk_divider.v:3]
INFO: [Synth 8-6155] done synthesizing module 'clk_divider' (0#1) [C:/COMPE475_Project/PWM_HW/PWM_HW.srcs/sources_1/new/clk_divider.v:3]
INFO: [Synth 8-226] default block is never used [C:/COMPE475_Project/PWM_HW/PWM_HW.srcs/sources_1/new/pulse_generator.v:67]
INFO: [Synth 8-6155] done synthesizing module 'pulse_generator' (0#1) [C:/COMPE475_Project/PWM_HW/PWM_HW.srcs/sources_1/new/pulse_generator.v:3]
WARNING: [Synth 8-689] width (1) of port connection 'width_sig' does not match port width (15) of module 'pulse_generator' [C:/COMPE475_Project/PWM_HW/PWM_HW.srcs/sources_1/new/PWM_Generator.v:33]
INFO: [Synth 8-6155] done synthesizing module 'PWM_Generator' (0#1) [C:/COMPE475_Project/PWM_HW/PWM_HW.srcs/sources_1/new/PWM_Generator.v:3]
WARNING: [Synth 8-7137] Register toggle_reg in module clk_divider has both Set and reset with same priority. This may cause simulation mismatches. Consider rewriting code  [C:/COMPE475_Project/PWM_HW/PWM_HW.srcs/sources_1/new/clk_divider.v:18]
WARNING: [Synth 8-7137] Register counter_div_reg in module clk_divider has both Set and reset with same priority. This may cause simulation mismatches. Consider rewriting code  [C:/COMPE475_Project/PWM_HW/PWM_HW.srcs/sources_1/new/clk_divider.v:17]
---------------------------------------------------------------------------------
Finished RTL Elaboration : Time (s): cpu = 00:00:06 ; elapsed = 00:00:06 . Memory (MB): peak = 1432.996 ; gain = 547.914
---------------------------------------------------------------------------------
---------------------------------------------------------------------------------
Start Handling Custom Attributes
---------------------------------------------------------------------------------
---------------------------------------------------------------------------------
Finished Handling Custom Attributes : Time (s): cpu = 00:00:06 ; elapsed = 00:00:06 . Memory (MB): peak = 1432.996 ; gain = 547.914
---------------------------------------------------------------------------------
---------------------------------------------------------------------------------
Finished RTL Optimization Phase 1 : Time (s): cpu = 00:00:06 ; elapsed = 00:00:06 . Memory (MB): peak = 1432.996 ; gain = 547.914
---------------------------------------------------------------------------------
Netlist sorting complete. Time (s): cpu = 00:00:00 ; elapsed = 00:00:00.003 . Memory (MB): peak = 1432.996 ; gain = 0.000
INFO: [Project 1-570] Preparing netlist for logic optimization

Processing XDC Constraints
Initializing timing engine
Parsing XDC File [C:/COMPE475_Project/PWM_HW/PWM_HW.srcs/constrs_1/new/basys3pwmconstr.xdc]
Finished Parsing XDC File [C:/COMPE475_Project/PWM_HW/PWM_HW.srcs/constrs_1/new/basys3pwmconstr.xdc]
INFO: [Project 1-236] Implementation specific constraints were found while reading constraint file [C:/COMPE475_Project/PWM_HW/PWM_HW.srcs/constrs_1/new/basys3pwmconstr.xdc]. These constraints will be ignored for synthesis but will be used in implementation. Impacted constraints are listed in the file [.Xil/PWM_Generator_propImpl.xdc].
Resolution: To avoid this warning, move constraints listed in [.Xil/PWM_Generator_propImpl.xdc] to another XDC file and exclude this new file from synthesis with the used_in_synthesis property (File Properties dialog in GUI) and re-run elaboration/synthesis.
Completed Processing XDC Constraints

Netlist sorting complete. Time (s): cpu = 00:00:00 ; elapsed = 00:00:00 . Memory (MB): peak = 1522.625 ; gain = 0.000
INFO: [Project 1-111] Unisim Transformation Summary:
No Unisim elements were transformed.

The system cannot find the path specified.
Constraint Validation Runtime : Time (s): cpu = 00:00:00 ; elapsed = 00:00:00.003 . Memory (MB): peak = 1522.625 ; gain = 0.000
INFO: [Designutils 20-5440] No compile time benefit to using incremental synthesis; A full resynthesis will be run
INFO: [Designutils 20-4379] Flow is switching to default flow due to incremental criteria not met. If you would like to alter this behaviour and have the flow terminate instead, please set the following parameter config_implementation {autoIncr.Synth.RejectBehavior Terminate}
---------------------------------------------------------------------------------
Finished Constraint Validation : Time (s): cpu = 00:00:12 ; elapsed = 00:00:13 . Memory (MB): peak = 1522.625 ; gain = 637.543
---------------------------------------------------------------------------------
---------------------------------------------------------------------------------
Start Loading Part and Timing Information
---------------------------------------------------------------------------------
Loading part: xc7a35tcpg236-1
---------------------------------------------------------------------------------
Finished Loading Part and Timing Information : Time (s): cpu = 00:00:12 ; elapsed = 00:00:13 . Memory (MB): peak = 1522.625 ; gain = 637.543
---------------------------------------------------------------------------------
---------------------------------------------------------------------------------
Start Applying 'set_property' XDC Constraints
---------------------------------------------------------------------------------
---------------------------------------------------------------------------------
Finished applying 'set_property' XDC Constraints : Time (s): cpu = 00:00:12 ; elapsed = 00:00:13 . Memory (MB): peak = 1522.625 ; gain = 637.543
---------------------------------------------------------------------------------
WARNING: [Synth 8-327] inferring latch for variable 'width_reg' [C:/COMPE475_Project/PWM_HW/PWM_HW.srcs/sources_1/new/pulse_generator.v:68]
---------------------------------------------------------------------------------
Finished RTL Optimization Phase 2 : Time (s): cpu = 00:00:12 ; elapsed = 00:00:13 . Memory (MB): peak = 1522.625 ; gain = 637.543
---------------------------------------------------------------------------------
---------------------------------------------------------------------------------
Start RTL Component Statistics 
---------------------------------------------------------------------------------
Detailed RTL Component Info : 
+---Adders : 
	   2 Input    8 Bit       Adders := 1     
	   2 Input    5 Bit       Adders := 3     
+---Registers : 
	                8 Bit    Registers := 1     
	                5 Bit    Registers := 3     
	                1 Bit    Registers := 3     
+---Muxes : 
	   2 Input    5 Bit        Muxes := 3     
	   2 Input    1 Bit        Muxes := 18    
---------------------------------------------------------------------------------
Finished RTL Component Statistics 
---------------------------------------------------------------------------------
---------------------------------------------------------------------------------
Start Part Resource Summary
---------------------------------------------------------------------------------
Part Resources:
DSPs: 90 (col length:60)
BRAMs: 100 (col length: RAMB18 60 RAMB36 30)
---------------------------------------------------------------------------------
Finished Part Resource Summary
---------------------------------------------------------------------------------
---------------------------------------------------------------------------------
Start Cross Boundary and Area Optimization
---------------------------------------------------------------------------------
WARNING: [Synth 8-7080] Parallel synthesis criteria is not met
WARNING: [Synth 8-3917] design PWM_Generator has port number_of_samples_logic_high[15] driven by constant 0
WARNING: [Synth 8-3917] design PWM_Generator has port number_of_samples_logic_high[14] driven by constant 0
WARNING: [Synth 8-3917] design PWM_Generator has port number_of_samples_logic_high[13] driven by constant 0
WARNING: [Synth 8-3917] design PWM_Generator has port number_of_samples_logic_high[12] driven by constant 0
WARNING: [Synth 8-3917] design PWM_Generator has port number_of_samples_logic_high[11] driven by constant 0
WARNING: [Synth 8-3917] design PWM_Generator has port number_of_samples_logic_high[10] driven by constant 0
WARNING: [Synth 8-3917] design PWM_Generator has port number_of_samples_logic_high[9] driven by constant 0
WARNING: [Synth 8-3917] design PWM_Generator has port number_of_samples_logic_high[8] driven by constant 0
WARNING: [Synth 8-3917] design PWM_Generator has port number_of_samples_logic_high[7] driven by constant 0
WARNING: [Synth 8-3917] design PWM_Generator has port number_of_samples_logic_high[6] driven by constant 0
WARNING: [Synth 8-3917] design PWM_Generator has port number_of_samples_logic_high[5] driven by constant 0
WARNING: [Synth 8-3332] Sequential element (uut/width_reg[9]) is unused and will be removed from module PWM_Generator.
WARNING: [Synth 8-3332] Sequential element (uut/uut1/toggle_reg_C) is unused and will be removed from module PWM_Generator.
---------------------------------------------------------------------------------
Finished Cross Boundary and Area Optimization : Time (s): cpu = 00:00:14 ; elapsed = 00:00:15 . Memory (MB): peak = 1522.625 ; gain = 637.543
---------------------------------------------------------------------------------
---------------------------------------------------------------------------------
Start Applying XDC Timing Constraints
---------------------------------------------------------------------------------
---------------------------------------------------------------------------------
Finished Applying XDC Timing Constraints : Time (s): cpu = 00:00:17 ; elapsed = 00:00:19 . Memory (MB): peak = 1522.625 ; gain = 637.543
---------------------------------------------------------------------------------
---------------------------------------------------------------------------------
Start Timing Optimization
---------------------------------------------------------------------------------
---------------------------------------------------------------------------------
Finished Timing Optimization : Time (s): cpu = 00:00:18 ; elapsed = 00:00:19 . Memory (MB): peak = 1522.625 ; gain = 637.543
---------------------------------------------------------------------------------
---------------------------------------------------------------------------------
Start Technology Mapping
---------------------------------------------------------------------------------
---------------------------------------------------------------------------------
Finished Technology Mapping : Time (s): cpu = 00:00:18 ; elapsed = 00:00:19 . Memory (MB): peak = 1522.625 ; gain = 637.543
---------------------------------------------------------------------------------
---------------------------------------------------------------------------------
Start IO Insertion
---------------------------------------------------------------------------------
---------------------------------------------------------------------------------
Start Flattening Before IO Insertion
---------------------------------------------------------------------------------
---------------------------------------------------------------------------------
Finished Flattening Before IO Insertion
---------------------------------------------------------------------------------
---------------------------------------------------------------------------------
Start Final Netlist Cleanup
---------------------------------------------------------------------------------
---------------------------------------------------------------------------------
Finished Final Netlist Cleanup
---------------------------------------------------------------------------------
---------------------------------------------------------------------------------
Finished IO Insertion : Time (s): cpu = 00:00:21 ; elapsed = 00:00:23 . Memory (MB): peak = 1522.625 ; gain = 637.543
---------------------------------------------------------------------------------
---------------------------------------------------------------------------------
Start Renaming Generated Instances
---------------------------------------------------------------------------------
---------------------------------------------------------------------------------
Finished Renaming Generated Instances : Time (s): cpu = 00:00:21 ; elapsed = 00:00:23 . Memory (MB): peak = 1522.625 ; gain = 637.543
---------------------------------------------------------------------------------
---------------------------------------------------------------------------------
Start Rebuilding User Hierarchy
---------------------------------------------------------------------------------
---------------------------------------------------------------------------------
Finished Rebuilding User Hierarchy : Time (s): cpu = 00:00:21 ; elapsed = 00:00:23 . Memory (MB): peak = 1522.625 ; gain = 637.543
---------------------------------------------------------------------------------
---------------------------------------------------------------------------------
Start Renaming Generated Ports
---------------------------------------------------------------------------------
---------------------------------------------------------------------------------
Finished Renaming Generated Ports : Time (s): cpu = 00:00:21 ; elapsed = 00:00:23 . Memory (MB): peak = 1522.625 ; gain = 637.543
---------------------------------------------------------------------------------
---------------------------------------------------------------------------------
Start Handling Custom Attributes
---------------------------------------------------------------------------------
---------------------------------------------------------------------------------
Finished Handling Custom Attributes : Time (s): cpu = 00:00:21 ; elapsed = 00:00:23 . Memory (MB): peak = 1522.625 ; gain = 637.543
---------------------------------------------------------------------------------
---------------------------------------------------------------------------------
Start Renaming Generated Nets
---------------------------------------------------------------------------------
---------------------------------------------------------------------------------
Finished Renaming Generated Nets : Time (s): cpu = 00:00:21 ; elapsed = 00:00:23 . Memory (MB): peak = 1522.625 ; gain = 637.543
---------------------------------------------------------------------------------
---------------------------------------------------------------------------------
Start Writing Synthesis Report
---------------------------------------------------------------------------------

Report BlackBoxes: 
+-+--------------+----------+
| |BlackBox name |Instances |
+-+--------------+----------+
+-+--------------+----------+

Report Cell Usage: 
+------+-------+------+
|      |Cell   |Count |
+------+-------+------+
|1     |BUFG   |     2|
|2     |CARRY4 |    21|
|3     |LUT1   |    10|
|4     |LUT2   |    29|
|5     |LUT3   |    41|
|6     |LUT4   |    39|
|7     |LUT5   |     3|
|8     |LUT6   |     4|
|9     |FDPE   |     1|
|10    |FDRE   |    63|
|11    |LD     |     9|
|12    |LDC    |     1|
|13    |IBUF   |    39|
|14    |OBUF   |    35|
+------+-------+------+
---------------------------------------------------------------------------------
Finished Writing Synthesis Report : Time (s): cpu = 00:00:21 ; elapsed = 00:00:23 . Memory (MB): peak = 1522.625 ; gain = 637.543
---------------------------------------------------------------------------------
Synthesis finished with 0 errors, 0 critical warnings and 15 warnings.
Synthesis Optimization Runtime : Time (s): cpu = 00:00:14 ; elapsed = 00:00:21 . Memory (MB): peak = 1522.625 ; gain = 547.914
Synthesis Optimization Complete : Time (s): cpu = 00:00:21 ; elapsed = 00:00:23 . Memory (MB): peak = 1522.625 ; gain = 637.543
INFO: [Project 1-571] Translating synthesized netlist
Netlist sorting complete. Time (s): cpu = 00:00:00 ; elapsed = 00:00:00.003 . Memory (MB): peak = 1522.625 ; gain = 0.000
INFO: [Netlist 29-17] Analyzing 31 Unisim elements for replacement
INFO: [Netlist 29-28] Unisim Transformation completed in 0 CPU seconds
INFO: [Project 1-570] Preparing netlist for logic optimization
INFO: [Opt 31-138] Pushed 1 inverter(s) to 9 load pin(s).
Netlist sorting complete. Time (s): cpu = 00:00:00 ; elapsed = 00:00:00.001 . Memory (MB): peak = 1522.625 ; gain = 0.000
INFO: [Project 1-111] Unisim Transformation Summary:
  A total of 10 instances were transformed.
  LD => LDCE (inverted pins: G): 9 instances
  LDC => LDCE: 1 instance 

The system cannot find the path specified.
Synth Design complete | Checksum: d9c1071b
INFO: [Common 17-83] Releasing license: Synthesis
29 Infos, 18 Warnings, 0 Critical Warnings and 0 Errors encountered.
synth_design completed successfully
synth_design: Time (s): cpu = 00:00:24 ; elapsed = 00:00:27 . Memory (MB): peak = 1522.625 ; gain = 1030.523
Write ShapeDB Complete: Time (s): cpu = 00:00:00 ; elapsed = 00:00:00.002 . Memory (MB): peak = 1522.625 ; gain = 0.000
INFO: [Common 17-1381] The checkpoint 'C:/COMPE475_Project/PWM_HW/PWM_HW.runs/synth_1/PWM_Generator.dcp' has been generated.
INFO: [runtcl-4] Executing : report_utilization -file PWM_Generator_utilization_synth.rpt -pb PWM_Generator_utilization_synth.pb
INFO: [Common 17-206] Exiting Vivado at Mon Dec  4 02:47:04 2023...
