#-----------------------------------------------------------
# Vivado v2020.1 (64-bit)
# SW Build 2902540 on Wed May 27 19:54:49 MDT 2020
# IP Build 2902112 on Wed May 27 22:43:36 MDT 2020
# Start of session at: Tue Nov 21 12:59:04 2023
# Process ID: 34524
# Current directory: C:/Users/rojo_/OneDrive/Documents/COMPE475 Microprocessors/COMPE475/COMPE475_EMG_Project
# Command line: vivado.exe -gui_launcher_event rodinguilauncherevent15024 C:\Users\rojo_\OneDrive\Documents\COMPE475 Microprocessors\COMPE475\COMPE475_EMG_Project\COMPE475_EMG_Project.xpr
# Log file: C:/Users/rojo_/OneDrive/Documents/COMPE475 Microprocessors/COMPE475/COMPE475_EMG_Project/vivado.log
# Journal file: C:/Users/rojo_/OneDrive/Documents/COMPE475 Microprocessors/COMPE475/COMPE475_EMG_Project\vivado.jou
#-----------------------------------------------------------
start_guioopen_project {C:/Users/rojo_/OneDrive/Documents/COMPE475 Microprocessors/COMPE475/COMPE475_EMG_Project/COMPE475_EMG_Project.xpr}
INFO: [ProjectBase 1-489] The host OS only allows 260 characters in a normal path. The project is stored in a path with more than 80 characters. If you experience issues with IP, Block Designs, or files not being found, please consider moving the project to a location with a shorter path. Alternately consider using the OS subst command to map part of the path to a drive letter.
Current project path is 'C:/Users/rojo_/OneDrive/Documents/COMPE475 Microprocessors/COMPE475/COMPE475_EMG_Project'
INFO: [Project 1-313] Project file moved from 'C:/Users/rojo_/OneDrive/Documents/COMPE475 Microprocessors/COMPE475_EMG_Project' since last save.
WARNING: [Project 1-312] File not found as 'C:/Users/rojo_/OneDrive/Documents/COMPE475 Microprocessors/COMPE475/Constraint_files/Basys-3-Master.xdc'; using path 'C:/Users/rojo_/OneDrive/Documents/COMPE475 Microprocessors/Constraint_files/Basys-3-Master.xdc' instead.
Scanning sources...
Finished scanning sources
INFO: [IP_Flow 19-234] Refreshing IP repositories
INFO: [IP_Flow 19-1704] No user IP repositories specified
INFO: [IP_Flow 19-2313] Loaded Vivado IP repository 'C:/Xilinx_2020.1/Vivado/2020.1/data/ip'.oopen_project: Time (s): cpu = 00:00:13 ; elapsed = 00:00:12 . Memory (MB): peak = 1029.246 ; gain = 0.000uupdate_compile_order -fileset sources_1create_bd_design "design_1"
Wrote  : <C:\Users\rojo_\OneDrive\Documents\COMPE475 Microprocessors\COMPE475\COMPE475_EMG_Project\COMPE475_EMG_Project.srcs\sources_1\bd\design_1\design_1.bd> 
create_bd_design: Time (s): cpu = 00:00:05 ; elapsed = 00:00:08 . Memory (MB): peak = 1029.418 ; gain = 0.000
update_compile_order -fileset sources_1
startgroup
create_bd_cell -type ip -vlnv xilinx.com:ip:microblaze:11.0 microblaze_0
endgroup
apply_bd_automation -rule xilinx.com:bd_rule:microblaze -config { axi_intc {1} axi_periph {Enabled} cache {None} clk {New Clocking Wizard} cores {1} debug_module {Debug Only} ecc {None} local_mem {128KB} preset {Microcontroller}}  [get_bd_cells microblaze_0]
apply_bd_automation: Time (s): cpu = 00:00:05 ; elapsed = 00:00:18 . Memory (MB): peak = 1088.062 ; gain = 58.645
regenerate_bd_layout
save_bd_design
Wrote  : <C:\Users\rojo_\OneDrive\Documents\COMPE475 Microprocessors\COMPE475\COMPE475_EMG_Project\COMPE475_EMG_Project.srcs\sources_1\bd\design_1\design_1.bd> 
Wrote  : <C:/Users/rojo_/OneDrive/Documents/COMPE475 Microprocessors/COMPE475/COMPE475_EMG_Project/COMPE475_EMG_Project.srcs/sources_1/bd/design_1/ui/bd_1f5defd0.ui> 
exit
INFO: [Common 17-206] Exiting Vivado at Tue Nov 21 13:14:26 2023...
